<?xml version="1.0" encoding="UTF-8"?>
<testsuite name="com.monkeyzero.notes.ExampleUnitTest" tests="1" skipped="0" failures="0" errors="0" timestamp="2024-06-17T13:30:44" hostname="DOKIX1" time="0.002">
  <properties/>
  <testcase name="addition_isCorrect" classname="com.monkeyzero.notes.ExampleUnitTest" time="0.002"/>
  <system-out><![CDATA[]]></system-out>
  <system-err><![CDATA[]]></system-err>
</testsuite>
